[debug] [2023-10-18T09:31:15.885Z] ----------------------------------------------------------------------
[debug] [2023-10-18T09:31:15.888Z] Command:       C:\Program Files\nodejs\node.exe C:\Users\max42\AppData\Roaming\npm\node_modules\firebase-tools\lib\bin\firebase.js init hosting
[debug] [2023-10-18T09:31:15.888Z] CLI Version:   12.7.0
[debug] [2023-10-18T09:31:15.889Z] Platform:      win32
[debug] [2023-10-18T09:31:15.889Z] Node Version:  v18.18.0
[debug] [2023-10-18T09:31:15.891Z] Time:          Wed Oct 18 2023 15:01:15 GMT+0530 (India Standard Time)
[debug] [2023-10-18T09:31:15.891Z] ----------------------------------------------------------------------
[debug] 
[debug] [2023-10-18T09:31:15.990Z] > command requires scopes: ["email","openid","https://www.googleapis.com/auth/cloudplatformprojects.readonly","https://www.googleapis.com/auth/firebase","https://www.googleapis.com/auth/cloud-platform"]
[debug] [2023-10-18T09:31:15.991Z] > authorizing via signed-in user (max42078@gmail.com)
[info] 
     ######## #### ########  ######## ########     ###     ######  ########
     ##        ##  ##     ## ##       ##     ##  ##   ##  ##       ##
     ######    ##  ########  ######   ########  #########  ######  ######
     ##        ##  ##    ##  ##       ##     ## ##     ##       ## ##
     ##       #### ##     ## ######## ########  ##     ##  ######  ########

You're about to initialize a Firebase project in this directory:

  K:\React_2023\MY_MAJOR_PROJECTS_03\lilies_food_delivery

Before we get started, keep in mind:

  * You are initializing within an existing Firebase project directory

[info] 
=== Project Setup
[info] 
[info] First, let's associate this project directory with a Firebase project.
[info] You can create multiple project aliases by running firebase use --add, 
[info] but for now we'll just set up a default project.
[info] 
[debug] [2023-10-18T09:31:17.672Z] Using project from CLI flag: lilies-food-delivery-2af08
[debug] [2023-10-18T09:31:17.677Z] >>> [apiv2][query] GET https://firebase.googleapis.com/v1beta1/projects/lilies-food-delivery-2af08 [none]
[debug] [2023-10-18T09:31:18.628Z] <<< [apiv2][status] GET https://firebase.googleapis.com/v1beta1/projects/lilies-food-delivery-2af08 200
[debug] [2023-10-18T09:31:18.628Z] <<< [apiv2][body] GET https://firebase.googleapis.com/v1beta1/projects/lilies-food-delivery-2af08 {"projectId":"lilies-food-delivery-2af08","projectNumber":"798113806617","displayName":"lilies-food-delivery","name":"projects/lilies-food-delivery-2af08","resources":{"hostingSite":"lilies-food-delivery-2af08"},"state":"ACTIVE","etag":"1_ec25097f-44dd-4d90-8ed7-7a18256a34fe"}
[info] i  Using project lilies-food-delivery-2af08 (lilies-food-delivery) 
[info] 
=== Hosting Setup
[info] 
[info] Your public directory is the folder (relative to your project directory) that
[info] will contain Hosting assets to be uploaded with firebase deploy. If you
[info] have a build process for your assets, use your build's output directory.
[info] 
